<?xml version="1.0" encoding="UTF-8"?>
<testng-results ignored="0" total="1" passed="1" failed="0" skipped="0">
  <reporter-output>
  </reporter-output>
  <suite started-at="2022-06-01T01:13:50 IST" name="Default suite" finished-at="2022-06-01T01:14:06 IST" duration-ms="15811">
    <groups>
    </groups>
    <test started-at="2022-06-01T01:13:50 IST" name="Default test" finished-at="2022-06-01T01:14:06 IST" duration-ms="15811">
      <class name="basic.OauthDemo">
        <test-method signature="getCourse()[pri:0, instance:basic.OauthDemo@1b11171f]" started-at="2022-06-01T01:13:50 IST" name="getCourse" finished-at="2022-06-01T01:14:06 IST" duration-ms="15787" status="PASS">
          <reporter-output>
          </reporter-output>
        </test-method> <!-- getCourse -->
      </class> <!-- basic.OauthDemo -->
    </test> <!-- Default test -->
  </suite> <!-- Default suite -->
</testng-results>
