<?xml version="1.0" encoding="UTF-8"?>
<testng-results ignored="0" total="1" passed="1" failed="0" skipped="0">
  <reporter-output>
  </reporter-output>
  <suite started-at="2022-05-24T00:40:52 IST" name="Default suite" finished-at="2022-05-24T00:40:53 IST" duration-ms="963">
    <groups>
    </groups>
    <test started-at="2022-05-24T00:40:52 IST" name="Default test" finished-at="2022-05-24T00:40:53 IST" duration-ms="963">
      <class name="basic.JiraAPI">
        <test-method signature="addComment()[pri:0, instance:basic.JiraAPI@5403f35f]" started-at="2022-05-24T00:40:52 IST" name="addComment" finished-at="2022-05-24T00:40:53 IST" duration-ms="935" status="PASS">
          <reporter-output>
          </reporter-output>
        </test-method> <!-- addComment -->
      </class> <!-- basic.JiraAPI -->
    </test> <!-- Default test -->
  </suite> <!-- Default suite -->
</testng-results>
